# JRE version: OpenJDK Runtime Environment Temurin-17.0.7+7 (17.0.7+7) (build 17.0.7+7)
# Java VM: OpenJDK 64-Bit Server VM Temurin-17.0.7+7 (17.0.7+7, mixed mode, tiered, compressed oops, compressed class ptrs, parallel gc, windows-amd64)
GC Precious Log:
 CPUs: 12 total, 12 available
 Memory: 16059M
 Large Page Support: Disabled
 NUMA Support: Disabled
 Compressed Oops: Enabled (32-bit)
 Alignments: Space 512K, Generation 512K, Heap 2M
 Heap Min Capacity: 100M
 Heap Initial Capacity: 100M
 Heap Max Capacity: 1G
 Pre-touch: Disabled
 Parallel Workers: 10
Heap:
 PSYoungGen      total 11264K, used 2558K [0x00000000eab00000, 0x00000000ec080000, 0x0000000100000000)
  eden space 8704K, 0% used [0x00000000eab00000,0x00000000eab00000,0x00000000eb380000)
  from space 2560K, 99% used [0x00000000eb380000,0x00000000eb5ffa40,0x00000000eb600000)
  to   space 6656K, 0% used [0x00000000eba00000,0x00000000eba00000,0x00000000ec080000)
 ParOldGen       total 160768K, used 159015K [0x00000000c0000000, 0x00000000c9d00000, 0x00000000eab00000)
  object space 160768K, 98% used [0x00000000c0000000,0x00000000c9b49fb0,0x00000000c9d00000)
 Metaspace       used 97821K, committed 99008K, reserved 1179648K
  class space    used 9756K, committed 10304K, reserved 1048576K
GC Heap History (20 events):
Event: 17149.387 GC heap after
{Heap after GC invocations=16237 (full 415):
 PSYoungGen      total 9728K, used 1006K [0x00000000eab00000, 0x00000000eb900000, 0x0000000100000000)
  eden space 8704K, 0% used [0x00000000eab00000,0x00000000eab00000,0x00000000eb380000)
  from space 1024K, 98% used [0x00000000eb800000,0x00000000eb8fbb00,0x00000000eb900000)
  to   space 2048K, 0% used [0x00000000eb500000,0x00000000eb500000,0x00000000eb700000)
 ParOldGen       total 160768K, used 152407K [0x00000000c0000000, 0x00000000c9d00000, 0x00000000eab00000)
  object space 160768K, 94% used [0x00000000c0000000,0x00000000c94d5e10,0x00000000c9d00000)
 Metaspace       used 97818K, committed 99008K, reserved 1179648K
  class space    used 9756K, committed 10304K, reserved 1048576K
}
Event: 17149.598 GC heap before
{Heap before GC invocations=16238 (full 415):
 PSYoungGen      total 9728K, used 9388K [0x00000000eab00000, 0x00000000eb900000, 0x0000000100000000)
  eden space 8704K, 96% used [0x00000000eab00000,0x00000000eb32f588,0x00000000eb380000)
  from space 1024K, 98% used [0x00000000eb800000,0x00000000eb8fbb00,0x00000000eb900000)
  to   space 2048K, 0% used [0x00000000eb500000,0x00000000eb500000,0x00000000eb700000)
 ParOldGen       total 160768K, used 152407K [0x00000000c0000000, 0x00000000c9d00000, 0x00000000eab00000)
  object space 160768K, 94% used [0x00000000c0000000,0x00000000c94d5e10,0x00000000c9d00000)
 Metaspace       used 97821K, committed 99008K, reserved 1179648K
  class space    used 9756K, committed 10304K, reserved 1048576K
}
Event: 17149.599 GC heap after
{Heap after GC invocations=16238 (full 415):
 PSYoungGen      total 10752K, used 2033K [0x00000000eab00000, 0x00000000eba80000, 0x0000000100000000)
  eden space 8704K, 0% used [0x00000000eab00000,0x00000000eab00000,0x00000000eb380000)
  from space 2048K, 99% used [0x00000000eb500000,0x00000000eb6fc438,0x00000000eb700000)
  to   space 3584K, 0% used [0x00000000eb700000,0x00000000eb700000,0x00000000eba80000)
 ParOldGen       total 160768K, used 153286K [0x00000000c0000000, 0x00000000c9d00000, 0x00000000eab00000)
  object space 160768K, 95% used [0x00000000c0000000,0x00000000c95b1810,0x00000000c9d00000)
 Metaspace       used 97821K, committed 99008K, reserved 1179648K
  class space    used 9756K, committed 10304K, reserved 1048576K
}
Event: 17149.642 GC heap before
{Heap before GC invocations=16239 (full 415):
 PSYoungGen      total 10752K, used 10737K [0x00000000eab00000, 0x00000000eba80000, 0x0000000100000000)
  eden space 8704K, 100% used [0x00000000eab00000,0x00000000eb380000,0x00000000eb380000)
  from space 2048K, 99% used [0x00000000eb500000,0x00000000eb6fc438,0x00000000eb700000)
  to   space 3584K, 0% used [0x00000000eb700000,0x00000000eb700000,0x00000000eba80000)
 ParOldGen       total 160768K, used 153286K [0x00000000c0000000, 0x00000000c9d00000, 0x00000000eab00000)
  object space 160768K, 95% used [0x00000000c0000000,0x00000000c95b1810,0x00000000c9d00000)
 Metaspace       used 97821K, committed 99008K, reserved 1179648K
  class space    used 9756K, committed 10304K, reserved 1048576K
}
Event: 17149.642 GC heap after
{Heap after GC invocations=16239 (full 415):
 PSYoungGen      total 9728K, used 788K [0x00000000eab00000, 0x00000000eb800000, 0x0000000100000000)
  eden space 8704K, 0% used [0x00000000eab00000,0x00000000eab00000,0x00000000eb380000)
  from space 1024K, 77% used [0x00000000eb700000,0x00000000eb7c5200,0x00000000eb800000)
  to   space 2048K, 0% used [0x00000000eb400000,0x00000000eb400000,0x00000000eb600000)
 ParOldGen       total 160768K, used 153366K [0x00000000c0000000, 0x00000000c9d00000, 0x00000000eab00000)
  object space 160768K, 95% used [0x00000000c0000000,0x00000000c95c5810,0x00000000c9d00000)
 Metaspace       used 97821K, committed 99008K, reserved 1179648K
  class space    used 9756K, committed 10304K, reserved 1048576K
}
Event: 17150.116 GC heap before
{Heap before GC invocations=16240 (full 415):
 PSYoungGen      total 9728K, used 9492K [0x00000000eab00000, 0x00000000eb800000, 0x0000000100000000)
  eden space 8704K, 100% used [0x00000000eab00000,0x00000000eb380000,0x00000000eb380000)
  from space 1024K, 77% used [0x00000000eb700000,0x00000000eb7c5200,0x00000000eb800000)
  to   space 2048K, 0% used [0x00000000eb400000,0x00000000eb400000,0x00000000eb600000)
 ParOldGen       total 160768K, used 153366K [0x00000000c0000000, 0x00000000c9d00000, 0x00000000eab00000)
  object space 160768K, 95% used [0x00000000c0000000,0x00000000c95c5810,0x00000000c9d00000)
 Metaspace       used 97821K, committed 99008K, reserved 1179648K
  class space    used 9756K, committed 10304K, reserved 1048576K
}
Event: 17150.117 GC heap after
{Heap after GC invocations=16240 (full 415):
 PSYoungGen      total 10752K, used 730K [0x00000000eab00000, 0x00000000eb780000, 0x0000000100000000)
  eden space 8704K, 0% used [0x00000000eab00000,0x00000000eab00000,0x00000000eb380000)
  from space 2048K, 35% used [0x00000000eb400000,0x00000000eb4b6900,0x00000000eb600000)
  to   space 1024K, 0% used [0x00000000eb680000,0x00000000eb680000,0x00000000eb780000)
 ParOldGen       total 160768K, used 153366K [0x00000000c0000000, 0x00000000c9d00000, 0x00000000eab00000)
  object space 160768K, 95% used [0x00000000c0000000,0x00000000c95c5810,0x00000000c9d00000)
 Metaspace       used 97821K, committed 99008K, reserved 1179648K
  class space    used 9756K, committed 10304K, reserved 1048576K
}
Event: 17150.613 GC heap before
{Heap before GC invocations=16241 (full 415):
 PSYoungGen      total 10752K, used 9434K [0x00000000eab00000, 0x00000000eb780000, 0x0000000100000000)
  eden space 8704K, 100% used [0x00000000eab00000,0x00000000eb380000,0x00000000eb380000)
  from space 2048K, 35% used [0x00000000eb400000,0x00000000eb4b6900,0x00000000eb600000)
  to   space 1024K, 0% used [0x00000000eb680000,0x00000000eb680000,0x00000000eb780000)
 ParOldGen       total 160768K, used 153366K [0x00000000c0000000, 0x00000000c9d00000, 0x00000000eab00000)
  object space 160768K, 95% used [0x00000000c0000000,0x00000000c95c5810,0x00000000c9d00000)
 Metaspace       used 97821K, committed 99008K, reserved 1179648K
  class space    used 9756K, committed 10304K, reserved 1048576K
}
Event: 17150.614 GC heap after
{Heap after GC invocations=16241 (full 415):
 PSYoungGen      total 9728K, used 762K [0x00000000eab00000, 0x00000000eb780000, 0x0000000100000000)
  eden space 8704K, 0% used [0x00000000eab00000,0x00000000eab00000,0x00000000eb380000)
  from space 1024K, 74% used [0x00000000eb680000,0x00000000eb73e900,0x00000000eb780000)
  to   space 1024K, 0% used [0x00000000eb580000,0x00000000eb580000,0x00000000eb680000)
 ParOldGen       total 160768K, used 153366K [0x00000000c0000000, 0x00000000c9d00000, 0x00000000eab00000)
  object space 160768K, 95% used [0x00000000c0000000,0x00000000c95c5810,0x00000000c9d00000)
 Metaspace       used 97821K, committed 99008K, reserved 1179648K
  class space    used 9756K, committed 10304K, reserved 1048576K
}
Event: 17152.776 GC heap before
{Heap before GC invocations=16242 (full 415):
 PSYoungGen      total 9728K, used 9466K [0x00000000eab00000, 0x00000000eb780000, 0x0000000100000000)
  eden space 8704K, 100% used [0x00000000eab00000,0x00000000eb380000,0x00000000eb380000)
  from space 1024K, 74% used [0x00000000eb680000,0x00000000eb73e900,0x00000000eb780000)
  to   space 1024K, 0% used [0x00000000eb580000,0x00000000eb580000,0x00000000eb680000)
 ParOldGen       total 160768K, used 153366K [0x00000000c0000000, 0x00000000c9d00000, 0x00000000eab00000)
  object space 160768K, 95% used [0x00000000c0000000,0x00000000c95c5810,0x00000000c9d00000)
 Metaspace       used 97821K, committed 99008K, reserved 1179648K
  class space    used 9756K, committed 10304K, reserved 1048576K
}
Event: 17152.777 GC heap after
{Heap after GC invocations=16242 (full 415):
 PSYoungGen      total 9728K, used 766K [0x00000000eab00000, 0x00000000eb700000, 0x0000000100000000)
  eden space 8704K, 0% used [0x00000000eab00000,0x00000000eab00000,0x00000000eb380000)
  from space 1024K, 74% used [0x00000000eb580000,0x00000000eb63fa40,0x00000000eb680000)
  to   space 512K, 0% used [0x00000000eb680000,0x00000000eb680000,0x00000000eb700000)
 ParOldGen       total 160768K, used 153366K [0x00000000c0000000, 0x00000000c9d00000, 0x00000000eab00000)
  object space 160768K, 95% used [0x00000000c0000000,0x00000000c95c5810,0x00000000c9d00000)
 Metaspace       used 97821K, committed 99008K, reserved 1179648K
  class space    used 9756K, committed 10304K, reserved 1048576K
}
Event: 17153.830 GC heap before
{Heap before GC invocations=16243 (full 415):
 PSYoungGen      total 9728K, used 9406K [0x00000000eab00000, 0x00000000eb700000, 0x0000000100000000)
  eden space 8704K, 99% used [0x00000000eab00000,0x00000000eb36feb8,0x00000000eb380000)
  from space 1024K, 74% used [0x00000000eb580000,0x00000000eb63fa40,0x00000000eb680000)
  to   space 512K, 0% used [0x00000000eb680000,0x00000000eb680000,0x00000000eb700000)
 ParOldGen       total 160768K, used 153366K [0x00000000c0000000, 0x00000000c9d00000, 0x00000000eab00000)
  object space 160768K, 95% used [0x00000000c0000000,0x00000000c95c5810,0x00000000c9d00000)
 Metaspace       used 97821K, committed 99008K, reserved 1179648K
  class space    used 9756K, committed 10304K, reserved 1048576K
}
Event: 17153.831 GC heap after
{Heap after GC invocations=16243 (full 415):
 PSYoungGen      total 9216K, used 506K [0x00000000eab00000, 0x00000000eb700000, 0x0000000100000000)
  eden space 8704K, 0% used [0x00000000eab00000,0x00000000eab00000,0x00000000eb380000)
  from space 512K, 98% used [0x00000000eb680000,0x00000000eb6fe900,0x00000000eb700000)
  to   space 1024K, 0% used [0x00000000eb500000,0x00000000eb500000,0x00000000eb600000)
 ParOldGen       total 160768K, used 153510K [0x00000000c0000000, 0x00000000c9d00000, 0x00000000eab00000)
  object space 160768K, 95% used [0x00000000c0000000,0x00000000c95e9810,0x00000000c9d00000)
 Metaspace       used 97821K, committed 99008K, reserved 1179648K
  class space    used 9756K, committed 10304K, reserved 1048576K
}
Event: 17155.075 GC heap before
{Heap before GC invocations=16244 (full 415):
 PSYoungGen      total 9216K, used 9210K [0x00000000eab00000, 0x00000000eb700000, 0x0000000100000000)
  eden space 8704K, 100% used [0x00000000eab00000,0x00000000eb380000,0x00000000eb380000)
  from space 512K, 98% used [0x00000000eb680000,0x00000000eb6fe900,0x00000000eb700000)
  to   space 1024K, 0% used [0x00000000eb500000,0x00000000eb500000,0x00000000eb600000)
 ParOldGen       total 160768K, used 153510K [0x00000000c0000000, 0x00000000c9d00000, 0x00000000eab00000)
  object space 160768K, 95% used [0x00000000c0000000,0x00000000c95e9810,0x00000000c9d00000)
 Metaspace       used 97821K, committed 99008K, reserved 1179648K
  class space    used 9756K, committed 10304K, reserved 1048576K
}
Event: 17155.076 GC heap after
{Heap after GC invocations=16244 (full 415):
 PSYoungGen      total 9728K, used 414K [0x00000000eab00000, 0x00000000eb700000, 0x0000000100000000)
  eden space 8704K, 0% used [0x00000000eab00000,0x00000000eab00000,0x00000000eb380000)
  from space 1024K, 40% used [0x00000000eb500000,0x00000000eb567a40,0x00000000eb600000)
  to   space 512K, 0% used [0x00000000eb680000,0x00000000eb680000,0x00000000eb700000)
 ParOldGen       total 160768K, used 153970K [0x00000000c0000000, 0x00000000c9d00000, 0x00000000eab00000)
  object space 160768K, 95% used [0x00000000c0000000,0x00000000c965ca10,0x00000000c9d00000)
 Metaspace       used 97821K, committed 99008K, reserved 1179648K
  class space    used 9756K, committed 10304K, reserved 1048576K
}
Event: 17155.089 GC heap before
{Heap before GC invocations=16245 (full 415):
 PSYoungGen      total 9728K, used 9118K [0x00000000eab00000, 0x00000000eb700000, 0x0000000100000000)
  eden space 8704K, 100% used [0x00000000eab00000,0x00000000eb380000,0x00000000eb380000)
  from space 1024K, 40% used [0x00000000eb500000,0x00000000eb567a40,0x00000000eb600000)
  to   space 512K, 0% used [0x00000000eb680000,0x00000000eb680000,0x00000000eb700000)
 ParOldGen       total 160768K, used 153970K [0x00000000c0000000, 0x00000000c9d00000, 0x00000000eab00000)
  object space 160768K, 95% used [0x00000000c0000000,0x00000000c965ca10,0x00000000c9d00000)
 Metaspace       used 97821K, committed 99008K, reserved 1179648K
  class space    used 9756K, committed 10304K, reserved 1048576K
}
Event: 17155.090 GC heap after
{Heap after GC invocations=16245 (full 415):
 PSYoungGen      total 9216K, used 509K [0x00000000eab00000, 0x00000000eb880000, 0x0000000100000000)
  eden space 8704K, 0% used [0x00000000eab00000,0x00000000eab00000,0x00000000eb380000)
  from space 512K, 99% used [0x00000000eb680000,0x00000000eb6ff620,0x00000000eb700000)
  to   space 2560K, 0% used [0x00000000eb380000,0x00000000eb380000,0x00000000eb600000)
 ParOldGen       total 160768K, used 155639K [0x00000000c0000000, 0x00000000c9d00000, 0x00000000eab00000)
  object space 160768K, 96% used [0x00000000c0000000,0x00000000c97fdfb0,0x00000000c9d00000)
 Metaspace       used 97821K, committed 99008K, reserved 1179648K
  class space    used 9756K, committed 10304K, reserved 1048576K
}
Event: 17155.100 GC heap before
{Heap before GC invocations=16246 (full 415):
 PSYoungGen      total 9216K, used 9213K [0x00000000eab00000, 0x00000000eb880000, 0x0000000100000000)
  eden space 8704K, 100% used [0x00000000eab00000,0x00000000eb380000,0x00000000eb380000)
  from space 512K, 99% used [0x00000000eb680000,0x00000000eb6ff620,0x00000000eb700000)
  to   space 2560K, 0% used [0x00000000eb380000,0x00000000eb380000,0x00000000eb600000)
 ParOldGen       total 160768K, used 155639K [0x00000000c0000000, 0x00000000c9d00000, 0x00000000eab00000)
  object space 160768K, 96% used [0x00000000c0000000,0x00000000c97fdfb0,0x00000000c9d00000)
 Metaspace       used 97821K, committed 99008K, reserved 1179648K
  class space    used 9756K, committed 10304K, reserved 1048576K
}
Event: 17155.102 GC heap after
{Heap after GC invocations=16246 (full 415):
 PSYoungGen      total 11264K, used 2558K [0x00000000eab00000, 0x00000000ec080000, 0x0000000100000000)
  eden space 8704K, 0% used [0x00000000eab00000,0x00000000eab00000,0x00000000eb380000)
  from space 2560K, 99% used [0x00000000eb380000,0x00000000eb5ffa40,0x00000000eb600000)
  to   space 6656K, 0% used [0x00000000eba00000,0x00000000eba00000,0x00000000ec080000)
 ParOldGen       total 160768K, used 159015K [0x00000000c0000000, 0x00000000c9d00000, 0x00000000eab00000)
  object space 160768K, 98% used [0x00000000c0000000,0x00000000c9b49fb0,0x00000000c9d00000)
 Metaspace       used 97821K, committed 99008K, reserved 1179648K
  class space    used 9756K, committed 10304K, reserved 1048576K
}
Event: 17155.102 GC heap before
{Heap before GC invocations=16247 (full 416):
 PSYoungGen      total 11264K, used 2558K [0x00000000eab00000, 0x00000000ec080000, 0x0000000100000000)
  eden space 8704K, 0% used [0x00000000eab00000,0x00000000eab00000,0x00000000eb380000)
  from space 2560K, 99% used [0x00000000eb380000,0x00000000eb5ffa40,0x00000000eb600000)
  to   space 6656K, 0% used [0x00000000eba00000,0x00000000eba00000,0x00000000ec080000)
 ParOldGen       total 160768K, used 159015K [0x00000000c0000000, 0x00000000c9d00000, 0x00000000eab00000)
  object space 160768K, 98% used [0x00000000c0000000,0x00000000c9b49fb0,0x00000000c9d00000)
 Metaspace       used 97821K, committed 99008K, reserved 1179648K
  class space    used 9756K, committed 10304K, reserved 1048576K
}

